#
# A fatal error has been detected by the Java Runtime Environment:
#
#  SIGSEGV (0xb) at pc=0x00000001059a9250, pid=41729, tid=46851
#
# JRE version: Java(TM) SE Runtime Environment (7.0_55-b13) (build 1.7.0_55-b13)
# Java VM: Java HotSpot(TM) 64-Bit Server VM (24.55-b03 mixed mode bsd-amd64 compressed oops)
# Problematic frame:
# C  [libjava.dylib+0x9250]  JNU_NewStringPlatform+0x1c8
#
# Failed to write core dump. Core dumps have been disabled. To enable core dumping, try "ulimit -c unlimited" before starting Java again
#
# If you would like to submit a bug report, please visit:
#   http://bugreport.sun.com/bugreport/crash.jsp
# The crash happened outside the Java Virtual Machine in native code.
# See problematic frame for where to report the bug.
#

---------------  T H R E A D  ---------------

Current thread (0x00007fb8e30dd800):  JavaThread "RMI TCP Connection(2096)-192.168.0.17" daemon [_thread_in_native, id=46851, stack(0x000000011598c000,0x0000000115a8c000)]

siginfo:si_signo=SIGSEGV: si_errno=0, si_code=0 (SEGV0), si_addr=0x0000000000000000

Registers:
RAX=0x00000001059a9250, RBX=0x0000000115a7b1d0, RCX=0x00000001059a9364, RDX=0x0000000000000000
RSP=0x0000000115a7ad90, RBP=0x0000000115a7b1c0, RSI=0x0000000115a7b1d0, RDI=0x20007fb8e30dd9e8
R8 =0x0000000115a7b1d0, R9 =0x00007fff9103cd90, R10=0x000000011234a277, R11=0xffffffb952035416
R12=0x00007fff7655c070, R13=0x0000000115a7b301, R14=0x20007fb8e30dd9e8, R15=0x20007fb8e30dd9e8
RIP=0x00000001059a9250, EFLAGS=0x0000000000010217, ERR=0x0000000000000000
  TRAPNO=0x000000000000000d

Top of Stack: (sp=0x0000000115a7ad90)
0x0000000115a7ad90:   0000000115a7ae40 0000000115a7b070
0x0000000115a7ada0:   c800f4e793e4d1c5 0000000000000100
0x0000000115a7adb0:   0000000000000000 ffffffffffffffff
0x0000000115a7adc0:   00007fb8e30032a8 00007fff7655c6b8
0x0000000115a7add0:   0000000115a7afd0 00007fff91008175
0x0000000115a7ade0:   0000000000000000 0000000106753304
0x0000000115a7adf0:   00007fb8e3003321 0000008606d662a0
0x0000000115a7ae00:   00000001ffff0208 32327fb8e30032a8
0x0000000115a7ae10:   00007fb8000000ff 00007fb8e1d303f0
0x0000000115a7ae20:   00007fb8e1d30448 00007fb8e1d307d8
0x0000000115a7ae30:   00000000000003d8 0000000115a8bad8
0x0000000115a7ae40:   00007fb8e30dd800 00007fb8e1d31480
0x0000000115a7ae50:   000000077b200480 0000000115a7aed0
0x0000000115a7ae60:   0000000115a8b490 0000000106d6866c
0x0000000115a7ae70:   0000000115a8b508 0000000115a7b068
0x0000000115a7ae80:   0000000106d662a0 00007fb8e1d30440
0x0000000115a7ae90:   0000000000000000 0000000000000000
0x0000000115a7aea0:   c800f4e793e4d1c5 0000000115a7afe0
0x0000000115a7aeb0:   00007fff7655c6b8 000000011234a262
0x0000000115a7aec0:   ffffffffffffffff 0000000000000000
0x0000000115a7aed0:   0000000115a7afc0 00007fff910239cf
0x0000000115a7aee0:   0000000000000000 0000000115a7b2c0
0x0000000115a7aef0:   0000000000000000 0000000000000000
0x0000000115a7af00:   0000000000000000 0000000000000000
0x0000000115a7af10:   0000000000000000 00007fb8e1d2e503
0x0000000115a7af20:   0000000000000000 0000000000000000
0x0000000115a7af30:   0000000000000000 0000000000000000
0x0000000115a7af40:   0000000000000000 0000000000000000
0x0000000115a7af50:   0000000000000000 0000000000000000
0x0000000115a7af60:   0000000000000000 0000000000000000
0x0000000115a7af70:   0000000000000000 0000000000000000
0x0000000115a7af80:   0000000000000000 0000000000000000 

Instructions: (pc=0x00000001059a9250)
0x00000001059a9230:   9f 7f 08 0f b7 b4 b1 00 fe ff ff 66 89 32 48 83
0x00000001059a9240:   c2 02 48 ff c3 48 ff c8 0f 84 ef fe ff ff eb da
0x00000001059a9250:   49 8b 06 be 02 00 00 00 4c 89 f7 ff 90 d0 00 00
0x00000001059a9260:   00 85 c0 0f 88 f1 00 00 00 48 89 df e8 13 07 01 

Register to memory mapping:

RAX=0x00000001059a9250: JNU_NewStringPlatform+0x1c8 in /Library/Java/JavaVirtualMachines/jdk1.7.0_55.jdk/Contents/Home/jre/lib/libjava.dylib at 0x00000001059a0000
RBX=0x0000000115a7b1d0 is pointing into the stack for thread: 0x00007fb8e30dd800
RCX=0x00000001059a9364: JNU_NewStringPlatform+0x2dc in /Library/Java/JavaVirtualMachines/jdk1.7.0_55.jdk/Contents/Home/jre/lib/libjava.dylib at 0x00000001059a0000
RDX=0x0000000000000000 is an unknown value
RSP=0x0000000115a7ad90 is pointing into the stack for thread: 0x00007fb8e30dd800
RBP=0x0000000115a7b1c0 is pointing into the stack for thread: 0x00007fb8e30dd800
RSI=0x0000000115a7b1d0 is pointing into the stack for thread: 0x00007fb8e30dd800
RDI=0x20007fb8e30dd9e8 is an unknown value
R8 =0x0000000115a7b1d0 is pointing into the stack for thread: 0x00007fb8e30dd800
R9 =0x00007fff9103cd90: zeroes+0 in /usr/lib/system/libsystem_c.dylib at 0x00007fff90fb5000
R10=0x000000011234a277: Java_sun_net_sdp_SdpSupport_convert0+0xc9b in /Library/Java/JavaVirtualMachines/jdk1.7.0_55.jdk/Contents/Home/jre/lib/libnet.dylib at 0x000000011233e000
R11=0xffffffb952035416 is an unknown value
R12=0x00007fff7655c070: __stack_chk_guard+0 in /usr/lib/system/libsystem_c.dylib at 0x00007fff90fb5000
R13=0x0000000115a7b301 is pointing into the stack for thread: 0x00007fb8e30dd800
R14=0x20007fb8e30dd9e8 is an unknown value
R15=0x20007fb8e30dd9e8 is an unknown value


Stack: [0x000000011598c000,0x0000000115a8c000],  sp=0x0000000115a7ad90,  free space=955k
Native frames: (J=compiled Java code, j=interpreted, Vv=VM code, C=native code)
C  [libjava.dylib+0x9250]  JNU_NewStringPlatform+0x1c8
C  [libjava.dylib+0x93cd]  JNU_ThrowByNameWithLastError+0x4b
C  [libnet.dylib+0x5e44]  NET_ThrowByNameWithLastError+0x64

Java frames: (J=compiled Java code, j=interpreted, Vv=VM code)
j  java.net.SocketInputStream.socketRead0(Ljava/io/FileDescriptor;[BIII)I+0
j  java.net.SocketInputStream.read([BIII)I+87
j  java.net.SocketInputStream.read([BII)I+11
J  java.io.BufferedInputStream.read()I
j  java.io.DataInputStream.readInt()I+4
j  sun.rmi.transport.tcp.TCPTransport$ConnectionHandler.run0()V+100
j  sun.rmi.transport.tcp.TCPTransport$ConnectionHandler.run()V+50
j  java.util.concurrent.ThreadPoolExecutor.runWorker(Ljava/util/concurrent/ThreadPoolExecutor$Worker;)V+95
j  java.util.concurrent.ThreadPoolExecutor$Worker.run()V+5
j  java.lang.Thread.run()V+11
v  ~StubRoutines::call_stub

---------------  P R O C E S S  ---------------

Java Threads: ( => current thread )
  0x00007fb8e28e2800 JavaThread "RMI TCP Connection(idle)" daemon [_thread_blocked, id=72963, stack(0x0000000118f0d000,0x000000011900d000)]
  0x00007fb8e391e800 JavaThread "RMI TCP Connection(idle)" daemon [_thread_blocked, id=72451, stack(0x0000000118e0a000,0x0000000118f0a000)]
  0x00007fb8e225a000 JavaThread "RMI TCP Connection(idle)" daemon [_thread_blocked, id=71939, stack(0x0000000118d07000,0x0000000118e07000)]
  0x00007fb8e391e000 JavaThread "RMI TCP Connection(idle)" daemon [_thread_blocked, id=71427, stack(0x0000000118c04000,0x0000000118d04000)]
  0x00007fb8e28e1800 JavaThread "RMI TCP Connection(idle)" daemon [_thread_blocked, id=70915, stack(0x0000000118b01000,0x0000000118c01000)]
  0x00007fb8e2259000 JavaThread "RMI TCP Connection(idle)" daemon [_thread_blocked, id=70403, stack(0x00000001189fe000,0x0000000118afe000)]
  0x00007fb8e38c5000 JavaThread "RMI TCP Connection(idle)" daemon [_thread_blocked, id=69891, stack(0x00000001188fb000,0x00000001189fb000)]
  0x00007fb8e3128800 JavaThread "RMI TCP Connection(idle)" daemon [_thread_blocked, id=69379, stack(0x00000001187f8000,0x00000001188f8000)]
  0x00007fb8e3127800 JavaThread "RMI TCP Connection(idle)" daemon [_thread_blocked, id=68867, stack(0x00000001186f5000,0x00000001187f5000)]
  0x00007fb8e3127000 JavaThread "RMI TCP Connection(idle)" daemon [_thread_blocked, id=68355, stack(0x00000001185f2000,0x00000001186f2000)]
  0x00007fb8e38c4800 JavaThread "RMI TCP Connection(idle)" daemon [_thread_blocked, id=67843, stack(0x00000001184ef000,0x00000001185ef000)]
  0x00007fb8e3126000 JavaThread "RMI TCP Connection(idle)" daemon [_thread_blocked, id=67331, stack(0x00000001183ec000,0x00000001184ec000)]
  0x00007fb8e28e1000 JavaThread "RMI TCP Connection(idle)" daemon [_thread_blocked, id=66819, stack(0x00000001182e9000,0x00000001183e9000)]
  0x00007fb8e38c3800 JavaThread "RMI TCP Connection(idle)" daemon [_thread_blocked, id=66307, stack(0x00000001181e6000,0x00000001182e6000)]
  0x00007fb8e2258800 JavaThread "RMI TCP Connection(idle)" daemon [_thread_blocked, id=65795, stack(0x00000001180e3000,0x00000001181e3000)]
  0x00007fb8e319f800 JavaThread "RMI TCP Connection(idle)" daemon [_thread_blocked, id=65283, stack(0x0000000117fe0000,0x00000001180e0000)]
  0x00007fb8e2900000 JavaThread "RMI TCP Connection(idle)" daemon [_thread_blocked, id=64771, stack(0x0000000117edd000,0x0000000117fdd000)]
  0x00007fb8e2898800 JavaThread "RMI TCP Connection(idle)" daemon [_thread_blocked, id=64259, stack(0x0000000117dda000,0x0000000117eda000)]
  0x00007fb8e319f000 JavaThread "RMI TCP Connection(idle)" daemon [_thread_blocked, id=63747, stack(0x0000000117cd7000,0x0000000117dd7000)]
  0x00007fb8e2877800 JavaThread "RMI TCP Connection(idle)" daemon [_thread_blocked, id=63235, stack(0x0000000117bd4000,0x0000000117cd4000)]
  0x00007fb8e2233800 JavaThread "RMI TCP Connection(1639)-192.168.0.17" daemon [_thread_blocked, id=62723, stack(0x0000000117ad1000,0x0000000117bd1000)]
  0x00007fb8e38ce800 JavaThread "RMI TCP Connection(1646)-192.168.0.17" daemon [_thread_in_vm, id=62211, stack(0x00000001177e6000,0x00000001178e6000)]
  0x00007fb8e38ce000 JavaThread "RMI TCP Connection(idle)" daemon [_thread_blocked, id=61699, stack(0x00000001176e3000,0x00000001177e3000)]
  0x00007fb8e3884000 JavaThread "RMI TCP Connection(1645)-192.168.0.17" daemon [_thread_blocked, id=61187, stack(0x00000001175e0000,0x00000001176e0000)]
  0x00007fb8e21e2000 JavaThread "RMI TCP Connection(1649)-192.168.0.17" daemon [_thread_blocked, id=60675, stack(0x00000001174dd000,0x00000001175dd000)]
  0x00007fb8e3105000 JavaThread "RMI TCP Connection(2105)-192.168.0.17" daemon [_thread_blocked, id=60163, stack(0x00000001173da000,0x00000001174da000)]
  0x00007fb8e21e1000 JavaThread "RMI TCP Connection(1632)-192.168.0.17" daemon [_thread_blocked, id=59651, stack(0x00000001172d7000,0x00000001173d7000)]
  0x00007fb8e21e0800 JavaThread "RMI TCP Connection(1640)-192.168.0.17" daemon [_thread_blocked, id=59139, stack(0x00000001171d4000,0x00000001172d4000)]
  0x00007fb8e3883000 JavaThread "RMI TCP Connection(idle)" daemon [_thread_blocked, id=58627, stack(0x00000001170d1000,0x00000001171d1000)]
  0x00007fb8e28fd000 JavaThread "RMI TCP Connection(idle)" daemon [_thread_blocked, id=58115, stack(0x0000000116fce000,0x00000001170ce000)]
  0x00007fb8e21df800 JavaThread "RMI TCP Connection(idle)" daemon [_thread_blocked, id=57603, stack(0x0000000116ecb000,0x0000000116fcb000)]
  0x00007fb8e21df000 JavaThread "RMI TCP Connection(1628)-192.168.0.17" daemon [_thread_blocked, id=57091, stack(0x0000000116dc8000,0x0000000116ec8000)]
  0x00007fb8e28fc800 JavaThread "RMI TCP Connection(2103)-192.168.0.17" daemon [_thread_blocked, id=56579, stack(0x0000000116cc5000,0x0000000116dc5000)]
  0x00007fb8e3104800 JavaThread "RMI TCP Connection(idle)" daemon [_thread_blocked, id=56067, stack(0x0000000116bc2000,0x0000000116cc2000)]
  0x00007fb8e28fb800 JavaThread "RMI TCP Connection(1637)-192.168.0.17" daemon [_thread_blocked, id=55555, stack(0x0000000116abf000,0x0000000116bbf000)]
  0x00007fb8e3882800 JavaThread "RMI TCP Connection(1642)-192.168.0.17" daemon [_thread_blocked, id=55043, stack(0x00000001169bc000,0x0000000116abc000)]
  0x00007fb8e21de000 JavaThread "RMI TCP Connection(2107)-192.168.0.17" daemon [_thread_blocked, id=54531, stack(0x00000001168b9000,0x00000001169b9000)]
  0x00007fb8e3103800 JavaThread "RMI TCP Connection(1635)-192.168.0.17" daemon [_thread_blocked, id=54019, stack(0x00000001167b6000,0x00000001168b6000)]
  0x00007fb8e21dd800 JavaThread "RMI TCP Connection(idle)" daemon [_thread_blocked, id=53507, stack(0x00000001166b3000,0x00000001167b3000)]
  0x00007fb8e3103000 JavaThread "RMI TCP Connection(idle)" daemon [_thread_blocked, id=52995, stack(0x00000001165b0000,0x00000001166b0000)]
  0x00007fb8e21dc800 JavaThread "RMI TCP Connection(idle)" daemon [_thread_blocked, id=52483, stack(0x00000001164ad000,0x00000001165ad000)]
  0x00007fb8e21dc000 JavaThread "RMI TCP Connection(idle)" daemon [_thread_blocked, id=51971, stack(0x00000001163aa000,0x00000001164aa000)]
  0x00007fb8e21db000 JavaThread "RMI TCP Connection(2102)-192.168.0.17" daemon [_thread_blocked, id=51459, stack(0x00000001162a7000,0x00000001163a7000)]
  0x00007fb8e28fb000 JavaThread "RMI TCP Connection(2104)-192.168.0.17" daemon [_thread_blocked, id=50947, stack(0x00000001161a4000,0x00000001162a4000)]
  0x00007fb8e30df000 JavaThread "RMI TCP Connection(1629)-192.168.0.17" daemon [_thread_blocked, id=50435, stack(0x00000001160a1000,0x00000001161a1000)]
  0x00007fb8e21da800 JavaThread "RMI TCP Connection(idle)" daemon [_thread_blocked, id=49923, stack(0x0000000115f9e000,0x000000011609e000)]
  0x00007fb8e21bb800 JavaThread "RMI TCP Connection(1622)-192.168.0.17" daemon [_thread_blocked, id=49411, stack(0x0000000115e9b000,0x0000000115f9b000)]
  0x00007fb8e28fa000 JavaThread "RMI TCP Connection(idle)" daemon [_thread_blocked, id=48899, stack(0x0000000115d98000,0x0000000115e98000)]
  0x00007fb8e3881800 JavaThread "RMI TCP Connection(idle)" daemon [_thread_blocked, id=48387, stack(0x0000000115c95000,0x0000000115d95000)]
  0x00007fb8e30de000 JavaThread "RMI TCP Connection(1627)-192.168.0.17" daemon [_thread_blocked, id=47875, stack(0x0000000115b92000,0x0000000115c92000)]
  0x00007fb8e3881000 JavaThread "RMI TCP Connection(1621)-192.168.0.17" daemon [_thread_blocked, id=47363, stack(0x0000000115a8f000,0x0000000115b8f000)]
=>0x00007fb8e30dd800 JavaThread "RMI TCP Connection(2096)-192.168.0.17" daemon [_thread_in_native, id=46851, stack(0x000000011598c000,0x0000000115a8c000)]
  0x00007fb8e3880000 JavaThread "RMI TCP Connection(1631)-192.168.0.17" daemon [_thread_blocked, id=46339, stack(0x0000000115889000,0x0000000115989000)]
  0x00007fb8e28f9800 JavaThread "RMI TCP Connection(idle)" daemon [_thread_blocked, id=45827, stack(0x0000000115786000,0x0000000115886000)]
  0x00007fb8e387f800 JavaThread "RMI TCP Connection(idle)" daemon [_thread_blocked, id=45315, stack(0x0000000115683000,0x0000000115783000)]
  0x00007fb8e21b1000 JavaThread "RMI TCP Connection(1630)-192.168.0.17" daemon [_thread_blocked, id=44803, stack(0x0000000115580000,0x0000000115680000)]
  0x00007fb8e283e800 JavaThread "RMI TCP Connection(1638)-192.168.0.17" daemon [_thread_blocked, id=44291, stack(0x000000011547d000,0x000000011557d000)]
  0x00007fb8e283d800 JavaThread "RMI TCP Connection(idle)" daemon [_thread_blocked, id=43779, stack(0x000000011537a000,0x000000011547a000)]
  0x00007fb8e387e800 JavaThread "RMI TCP Connection(1620)-192.168.0.17" daemon [_thread_in_native, id=43267, stack(0x0000000115277000,0x0000000115377000)]
  0x00007fb8e21b0800 JavaThread "RMI TCP Connection(1626)-192.168.0.17" daemon [_thread_blocked, id=42755, stack(0x0000000115174000,0x0000000115274000)]
  0x00007fb8e387e000 JavaThread "RMI TCP Connection(idle)" daemon [_thread_blocked, id=42243, stack(0x0000000115071000,0x0000000115171000)]
  0x00007fb8e30dc800 JavaThread "RMI TCP Connection(1636)-192.168.0.17" daemon [_thread_blocked, id=41731, stack(0x0000000114f6e000,0x000000011506e000)]
  0x00007fb8e21af800 JavaThread "RMI TCP Connection(2098)-192.168.0.17" daemon [_thread_blocked, id=41219, stack(0x0000000114e6b000,0x0000000114f6b000)]
  0x00007fb8e21af000 JavaThread "RMI TCP Connection(idle)" daemon [_thread_blocked, id=40707, stack(0x0000000114d68000,0x0000000114e68000)]
  0x00007fb8e384d800 JavaThread "RMI TCP Connection(1644)-192.168.0.17" daemon [_thread_blocked, id=40195, stack(0x0000000114c65000,0x0000000114d65000)]
  0x00007fb8e283d000 JavaThread "RMI TCP Connection(2097)-192.168.0.17" daemon [_thread_blocked, id=39683, stack(0x0000000114b62000,0x0000000114c62000)]
  0x00007fb8e283c000 JavaThread "RMI TCP Connection(1625)-192.168.0.17" daemon [_thread_blocked, id=39171, stack(0x0000000114a5f000,0x0000000114b5f000)]
  0x00007fb8e384d000 JavaThread "RMI TCP Connection(idle)" daemon [_thread_blocked, id=38659, stack(0x000000011495c000,0x0000000114a5c000)]
  0x00007fb8e217b800 JavaThread "RMI TCP Connection(idle)" daemon [_thread_blocked, id=38147, stack(0x0000000114859000,0x0000000114959000)]
  0x00007fb8e384c000 JavaThread "RMI TCP Connection(1624)-192.168.0.17" daemon [_thread_blocked, id=37635, stack(0x0000000114756000,0x0000000114856000)]
  0x00007fb8e30f9800 JavaThread "RMI TCP Connection(2099)-192.168.0.17" daemon [_thread_blocked, id=37123, stack(0x0000000114653000,0x0000000114753000)]
  0x00007fb8e283b800 JavaThread "RMI TCP Connection(idle)" daemon [_thread_blocked, id=36611, stack(0x0000000114550000,0x0000000114650000)]
  0x00007fb8e283a800 JavaThread "RMI TCP Connection(1634)-192.168.0.17" daemon [_thread_blocked, id=36099, stack(0x000000011444d000,0x000000011454d000)]
  0x00007fb8e217b000 JavaThread "RMI TCP Connection(2100)-192.168.0.17" daemon [_thread_blocked, id=35587, stack(0x000000011434a000,0x000000011444a000)]
  0x00007fb8e30f9000 JavaThread "RMI TCP Connection(idle)" daemon [_thread_blocked, id=35075, stack(0x0000000114247000,0x0000000114347000)]
  0x00007fb8e384b800 JavaThread "RMI TCP Connection(1641)-192.168.0.17" daemon [_thread_blocked, id=34563, stack(0x0000000114144000,0x0000000114244000)]
  0x00007fb8e30f8000 JavaThread "RMI TCP Connection(idle)" daemon [_thread_blocked, id=34051, stack(0x0000000114041000,0x0000000114141000)]
  0x00007fb8e283a000 JavaThread "RMI TCP Connection(idle)" daemon [_thread_blocked, id=33539, stack(0x0000000113f3e000,0x000000011403e000)]
  0x00007fb8e2839000 JavaThread "RMI TCP Connection(idle)" daemon [_thread_blocked, id=33027, stack(0x0000000113e3b000,0x0000000113f3b000)]
  0x00007fb8e30f7800 JavaThread "RMI TCP Connection(idle)" daemon [_thread_blocked, id=32515, stack(0x0000000113d38000,0x0000000113e38000)]
  0x00007fb8e217a000 JavaThread "RMI TCP Connection(2101)-192.168.0.17" daemon [_thread_blocked, id=32003, stack(0x0000000113c35000,0x0000000113d35000)]
  0x00007fb8e30dc000 JavaThread "RMI TCP Connection(idle)" daemon [_thread_blocked, id=31491, stack(0x0000000113b32000,0x0000000113c32000)]
  0x00007fb8e28ec800 JavaThread "RMI TCP Connection(idle)" daemon [_thread_blocked, id=30979, stack(0x0000000113a2f000,0x0000000113b2f000)]
  0x00007fb8e30ab000 JavaThread "RMI TCP Connection(idle)" daemon [_thread_blocked, id=30467, stack(0x000000011392c000,0x0000000113a2c000)]
  0x00007fb8e3920800 JavaThread "RMI TCP Connection(idle)" daemon [_thread_blocked, id=29955, stack(0x0000000113829000,0x0000000113929000)]
  0x00007fb8e30e0800 JavaThread "RMI TCP Connection(1623)-192.168.0.17" daemon [_thread_blocked, id=29443, stack(0x0000000113726000,0x0000000113826000)]
  0x00007fb8e2196000 JavaThread "RMI TCP Connection(idle)" daemon [_thread_blocked, id=28931, stack(0x0000000113623000,0x0000000113723000)]
  0x00007fb8e2838800 JavaThread "RMI TCP Connection(idle)" daemon [_thread_blocked, id=28419, stack(0x0000000113520000,0x0000000113620000)]
  0x00007fb8e2195800 JavaThread "RMI TCP Connection(2106)-192.168.0.17" daemon [_thread_in_vm, id=27907, stack(0x00000001133f4000,0x00000001134f4000)]
  0x00007fb8e2837800 JavaThread "RMI TCP Connection(idle)" daemon [_thread_blocked, id=27395, stack(0x00000001132c9000,0x00000001133c9000)]
  0x00007fb8e384a800 JavaThread "RMI TCP Connection(idle)" daemon [_thread_blocked, id=26883, stack(0x00000001131c6000,0x00000001132c6000)]
  0x00007fb8e3842000 JavaThread "RMI TCP Connection(1633)-192.168.0.17" daemon [_thread_blocked, id=26371, stack(0x00000001130c3000,0x00000001131c3000)]
  0x00007fb8e200b800 JavaThread "RMI TCP Connection(idle)" daemon [_thread_blocked, id=25859, stack(0x0000000112fc0000,0x00000001130c0000)]
  0x00007fb8e30e0000 JavaThread "RMI TCP Connection(idle)" daemon [_thread_blocked, id=25347, stack(0x0000000112ebd000,0x0000000112fbd000)]
  0x00007fb8e3875000 JavaThread "RMI TCP Connection(1643)-192.168.0.17" daemon [_thread_blocked, id=24835, stack(0x0000000112dba000,0x0000000112eba000)]
  0x00007fb8e30d1000 JavaThread "RMI TCP Connection(idle)" daemon [_thread_blocked, id=24323, stack(0x0000000112cb7000,0x0000000112db7000)]
  0x00007fb8e30d0800 JavaThread "RMI TCP Connection(idle)" daemon [_thread_blocked, id=23811, stack(0x0000000112bb4000,0x0000000112cb4000)]
  0x00007fb8e3874800 JavaThread "RMI TCP Connection(1647)-192.168.0.17" daemon [_thread_blocked, id=23299, stack(0x0000000112ab1000,0x0000000112bb1000)]
  0x00007fb8e3873800 JavaThread "RMI TCP Connection(1648)-192.168.0.17" daemon [_thread_blocked, id=22787, stack(0x00000001129ae000,0x0000000112aae000)]
  0x00007fb8e30cf800 JavaThread "RMI TCP Connection(2)-192.168.0.17" daemon [_thread_in_native, id=22275, stack(0x00000001128ab000,0x00000001129ab000)]
  0x00007fb8e30c6800 JavaThread "DestroyJavaVM" [_thread_blocked, id=3847, stack(0x0000000106c54000,0x0000000106d54000)]
  0x00007fb8e218c800 JavaThread "RMI TCP Connection(1)-192.168.0.17" daemon [_thread_in_native, id=21763, stack(0x00000001127a8000,0x00000001128a8000)]
  0x00007fb8e3873000 JavaThread "RMI Scheduler(0)" daemon [_thread_blocked, id=21251, stack(0x00000001126a5000,0x00000001127a5000)]
  0x00007fb8e306f000 JavaThread "GC Daemon" daemon [_thread_blocked, id=20739, stack(0x00000001125a2000,0x00000001126a2000)]
  0x00007fb8e2152000 JavaThread "RMI Reaper" [_thread_blocked, id=20227, stack(0x000000011249f000,0x000000011259f000)]
  0x00007fb8e2819000 JavaThread "RMI TCP Accept-5051" daemon [_thread_in_Java, id=19975, stack(0x000000011239c000,0x000000011249c000)]
  0x00007fb8e3046000 JavaThread "Service Thread" daemon [_thread_blocked, id=17667, stack(0x00000001120fd000,0x00000001121fd000)]
  0x00007fb8e3045000 JavaThread "C2 CompilerThread1" daemon [_thread_blocked, id=17155, stack(0x0000000111ffa000,0x00000001120fa000)]
  0x00007fb8e3043800 JavaThread "C2 CompilerThread0" daemon [_thread_blocked, id=16643, stack(0x0000000111ef7000,0x0000000111ff7000)]
  0x00007fb8e3043000 JavaThread "Signal Dispatcher" daemon [_thread_blocked, id=12567, stack(0x0000000111df4000,0x0000000111ef4000)]
  0x00007fb8e2040000 JavaThread "Finalizer" daemon [_thread_blocked, id=11523, stack(0x00000001104c1000,0x00000001105c1000)]
  0x00007fb8e3022000 JavaThread "Reference Handler" daemon [_thread_blocked, id=11011, stack(0x00000001103be000,0x00000001104be000)]

Other Threads:
  0x00007fb8e3021800 VMThread [stack: 0x00000001102bb000,0x00000001103bb000] [id=10499]
  0x00007fb8e3026800 WatcherThread [stack: 0x0000000112200000,0x0000000112300000] [id=18179]

VM state:synchronizing (normal execution)

VM Mutex/Monitor currently owned by a thread:  ([mutex/lock_event])
[0x00007fb8e1d02e40] Safepoint_lock - owner thread: 0x00007fb8e3021800
[0x00007fb8e1d02ec0] Threads_lock - owner thread: 0x00007fb8e3021800

Heap
 PSYoungGen      total 38912K, used 3115K [0x00000007d5500000, 0x00000007d8000000, 0x0000000800000000)
  eden space 33792K, 4% used [0x00000007d5500000,0x00000007d5692c50,0x00000007d7600000)
  from space 5120K, 29% used [0x00000007d7b00000,0x00000007d7c78000,0x00000007d8000000)
  to   space 5120K, 0% used [0x00000007d7600000,0x00000007d7600000,0x00000007d7b00000)
 ParOldGen       total 87040K, used 492K [0x0000000780000000, 0x0000000785500000, 0x00000007d5500000)
  object space 87040K, 0% used [0x0000000780000000,0x000000078007b328,0x0000000785500000)
 PSPermGen       total 21504K, used 5279K [0x000000077ae00000, 0x000000077c300000, 0x0000000780000000)
  object space 21504K, 24% used [0x000000077ae00000,0x000000077b327e20,0x000000077c300000)

Card table byte_map: [0x0000000109e16000,0x000000010a240000] byte_map_base: 0x000000010623f000

Polling page: 0x00000001059d0000

Code Cache  [0x0000000106d56000, 0x0000000106fc6000, 0x0000000109d56000)
 total_blobs=356 nmethods=139 adapters=171 free_code_cache=48480Kb largest_free_block=49617024

Compilation events (10 events):
Event: 14.841 Thread 0x00007fb8e3043800  133  s          java.io.BufferedOutputStream::write (35 bytes)
Event: 14.851 Thread 0x00007fb8e3043800 nmethod 133 0x0000000106dfa090 code [0x0000000106dfa1e0, 0x0000000106dfa5a8]
Event: 14.856 Thread 0x00007fb8e3045000  135             java.lang.SecurityManager::checkPermission (5 bytes)
Event: 14.857 Thread 0x00007fb8e3043800  136             java.security.AccessController::checkPermission (169 bytes)
Event: 15.161 Thread 0x00007fb8e3045000 nmethod 135 0x0000000106df7210 code [0x0000000106df73e0, 0x0000000106df7da0]
Event: 15.161 Thread 0x00007fb8e3045000  137             java.security.AccessControlContext::getDebug (32 bytes)
Event: 15.164 Thread 0x00007fb8e3045000 nmethod 137 0x0000000106df6f10 code [0x0000000106df7060, 0x0000000106df7138]
Event: 15.164 Thread 0x00007fb8e3045000  138             java.io.ObjectOutputStream$BlockDataOutputStream::writeInt (46 bytes)
Event: 15.172 Thread 0x00007fb8e3045000 nmethod 138 0x0000000106dff4d0 code [0x0000000106dff620, 0x0000000106dff788]
Event: 15.172 Thread 0x00007fb8e3045000  139   !         java.io.ObjectStreamClass::lookup (336 bytes)

GC Heap History (10 events):
Event: 0.121 GC heap before
{Heap before GC invocations=1 (full 0):
 PSYoungGen      total 38912K, used 2027K [0x00000007d5500000, 0x00000007d8000000, 0x0000000800000000)
  eden space 33792K, 6% used [0x00000007d5500000,0x00000007d56faf48,0x00000007d7600000)
  from space 5120K, 0% used [0x00000007d7b00000,0x00000007d7b00000,0x00000007d8000000)
  to   space 5120K, 0% used [0x00000007d7600000,0x00000007d7600000,0x00000007d7b00000)
 ParOldGen       total 87040K, used 0K [0x0000000780000000, 0x0000000785500000, 0x00000007d5500000)
  object space 87040K, 0% used [0x0000000780000000,0x0000000780000000,0x0000000785500000)
 PSPermGen       total 21504K, used 4331K [0x000000077ae00000, 0x000000077c300000, 0x0000000780000000)
  object space 21504K, 20% used [0x000000077ae00000,0x000000077b23ac90,0x000000077c300000)
Event: 0.123 GC heap after
Heap after GC invocations=1 (full 0):
 PSYoungGen      total 38912K, used 608K [0x00000007d5500000, 0x00000007d8000000, 0x0000000800000000)
  eden space 33792K, 0% used [0x00000007d5500000,0x00000007d5500000,0x00000007d7600000)
  from space 5120K, 11% used [0x00000007d7600000,0x00000007d7698000,0x00000007d7b00000)
  to   space 5120K, 0% used [0x00000007d7b00000,0x00000007d7b00000,0x00000007d8000000)
 ParOldGen       total 87040K, used 0K [0x0000000780000000, 0x0000000785500000, 0x00000007d5500000)
  object space 87040K, 0% used [0x0000000780000000,0x0000000780000000,0x0000000785500000)
 PSPermGen       total 21504K, used 4331K [0x000000077ae00000, 0x000000077c300000, 0x0000000780000000)
  object space 21504K, 20% used [0x000000077ae00000,0x000000077b23ac90,0x000000077c300000)
}
Event: 0.123 GC heap before
{Heap before GC invocations=2 (full 1):
 PSYoungGen      total 38912K, used 608K [0x00000007d5500000, 0x00000007d8000000, 0x0000000800000000)
  eden space 33792K, 0% used [0x00000007d5500000,0x00000007d5500000,0x00000007d7600000)
  from space 5120K, 11% used [0x00000007d7600000,0x00000007d7698000,0x00000007d7b00000)
  to   space 5120K, 0% used [0x00000007d7b00000,0x00000007d7b00000,0x00000007d8000000)
 ParOldGen       total 87040K, used 0K [0x0000000780000000, 0x0000000785500000, 0x00000007d5500000)
  object space 87040K, 0% used [0x0000000780000000,0x0000000780000000,0x0000000785500000)
 PSPermGen       total 21504K, used 4331K [0x000000077ae00000, 0x000000077c300000, 0x0000000780000000)
  object space 21504K, 20% used [0x000000077ae00000,0x000000077b23ac90,0x000000077c300000)
Event: 0.137 GC heap after
Heap after GC invocations=2 (full 1):
 PSYoungGen      total 38912K, used 0K [0x00000007d5500000, 0x00000007d8000000, 0x0000000800000000)
  eden space 33792K, 0% used [0x00000007d5500000,0x00000007d5500000,0x00000007d7600000)
  from space 5120K, 0% used [0x00000007d7600000,0x00000007d7600000,0x00000007d7b00000)
  to   space 5120K, 0% used [0x00000007d7b00000,0x00000007d7b00000,0x00000007d8000000)
 ParOldGen       total 87040K, used 492K [0x0000000780000000, 0x0000000785500000, 0x00000007d5500000)
  object space 87040K, 0% used [0x0000000780000000,0x000000078007b328,0x0000000785500000)
 PSPermGen       total 21504K, used 4329K [0x000000077ae00000, 0x000000077c300000, 0x0000000780000000)
  object space 21504K, 20% used [0x000000077ae00000,0x000000077b23a5c0,0x000000077c300000)
}
Event: 1.888 GC heap before
{Heap before GC invocations=3 (full 1):
 PSYoungGen      total 38912K, used 33792K [0x00000007d5500000, 0x00000007d8000000, 0x0000000800000000)
  eden space 33792K, 100% used [0x00000007d5500000,0x00000007d7600000,0x00000007d7600000)
  from space 5120K, 0% used [0x00000007d7600000,0x00000007d7600000,0x00000007d7b00000)
  to   space 5120K, 0% used [0x00000007d7b00000,0x00000007d7b00000,0x00000007d8000000)
 ParOldGen       total 87040K, used 492K [0x0000000780000000, 0x0000000785500000, 0x00000007d5500000)
  object space 87040K, 0% used [0x0000000780000000,0x000000078007b328,0x0000000785500000)
 PSPermGen       total 21504K, used 5172K [0x000000077ae00000, 0x000000077c300000, 0x0000000780000000)
  object space 21504K, 24% used [0x000000077ae00000,0x000000077b30d3b0,0x000000077c300000)
Event: 1.901 GC heap after
Heap after GC invocations=3 (full 1):
 PSYoungGen      total 38912K, used 2112K [0x00000007d5500000, 0x00000007d8000000, 0x0000000800000000)
  eden space 33792K, 0% used [0x00000007d5500000,0x00000007d5500000,0x00000007d7600000)
  from space 5120K, 41% used [0x00000007d7b00000,0x00000007d7d10000,0x00000007d8000000)
  to   space 5120K, 0% used [0x00000007d7600000,0x00000007d7600000,0x00000007d7b00000)
 ParOldGen       total 87040K, used 492K [0x0000000780000000, 0x0000000785500000, 0x00000007d5500000)
  object space 87040K, 0% used [0x0000000780000000,0x000000078007b328,0x0000000785500000)
 PSPermGen       total 21504K, used 5172K [0x000000077ae00000, 0x000000077c300000, 0x0000000780000000)
  object space 21504K, 24% used [0x000000077ae00000,0x000000077b30d3b0,0x000000077c300000)
}
Event: 14.722 GC heap before
{Heap before GC invocations=4 (full 1):
 PSYoungGen      total 38912K, used 35904K [0x00000007d5500000, 0x00000007d8000000, 0x0000000800000000)
  eden space 33792K, 100% used [0x00000007d5500000,0x00000007d7600000,0x00000007d7600000)
  from space 5120K, 41% used [0x00000007d7b00000,0x00000007d7d10000,0x00000007d8000000)
  to   space 5120K, 0% used [0x00000007d7600000,0x00000007d7600000,0x00000007d7b00000)
 ParOldGen       total 87040K, used 492K [0x0000000780000000, 0x0000000785500000, 0x00000007d5500000)
  object space 87040K, 0% used [0x0000000780000000,0x000000078007b328,0x0000000785500000)
 PSPermGen       total 21504K, used 5213K [0x000000077ae00000, 0x000000077c300000, 0x0000000780000000)
  object space 21504K, 24% used [0x000000077ae00000,0x000000077b317528,0x000000077c300000)
Event: 14.724 GC heap after
Heap after GC invocations=4 (full 1):
 PSYoungGen      total 38912K, used 896K [0x00000007d5500000, 0x00000007d8000000, 0x0000000800000000)
  eden space 33792K, 0% used [0x00000007d5500000,0x00000007d5500000,0x00000007d7600000)
  from space 5120K, 17% used [0x00000007d7600000,0x00000007d76e0000,0x00000007d7b00000)
  to   space 5120K, 0% used [0x00000007d7b00000,0x00000007d7b00000,0x00000007d8000000)
 ParOldGen       total 87040K, used 492K [0x0000000780000000, 0x0000000785500000, 0x00000007d5500000)
  object space 87040K, 0% used [0x0000000780000000,0x000000078007b328,0x0000000785500000)
 PSPermGen       total 21504K, used 5213K [0x000000077ae00000, 0x000000077c300000, 0x0000000780000000)
  object space 21504K, 24% used [0x000000077ae00000,0x000000077b317528,0x000000077c300000)
}
Event: 15.167 GC heap before
{Heap before GC invocations=5 (full 1):
 PSYoungGen      total 38912K, used 34688K [0x00000007d5500000, 0x00000007d8000000, 0x0000000800000000)
  eden space 33792K, 100% used [0x00000007d5500000,0x00000007d7600000,0x00000007d7600000)
  from space 5120K, 17% used [0x00000007d7600000,0x00000007d76e0000,0x00000007d7b00000)
  to   space 5120K, 0% used [0x00000007d7b00000,0x00000007d7b00000,0x00000007d8000000)
 ParOldGen       total 87040K, used 492K [0x0000000780000000, 0x0000000785500000, 0x00000007d5500000)
  object space 87040K, 0% used [0x0000000780000000,0x000000078007b328,0x0000000785500000)
 PSPermGen       total 21504K, used 5277K [0x000000077ae00000, 0x000000077c300000, 0x0000000780000000)
  object space 21504K, 24% used [0x000000077ae00000,0x000000077b327678,0x000000077c300000)
Event: 15.171 GC heap after
Heap after GC invocations=5 (full 1):
 PSYoungGen      total 38912K, used 1504K [0x00000007d5500000, 0x00000007d8000000, 0x0000000800000000)
  eden space 33792K, 0% used [0x00000007d5500000,0x00000007d5500000,0x00000007d7600000)
  from space 5120K, 29% used [0x00000007d7b00000,0x00000007d7c78000,0x00000007d8000000)
  to   space 5120K, 0% used [0x00000007d7600000,0x00000007d7600000,0x00000007d7b00000)
 ParOldGen       total 87040K, used 492K [0x0000000780000000, 0x0000000785500000, 0x00000007d5500000)
  object space 87040K, 0% used [0x0000000780000000,0x000000078007b328,0x0000000785500000)
 PSPermGen       total 21504K, used 5277K [0x000000077ae00000, 0x000000077c300000, 0x0000000780000000)
  object space 21504K, 24% used [0x000000077ae00000,0x000000077b327678,0x000000077c300000)
}

Deoptimization events (6 events):
Event: 4.058 Thread 0x00007fb8e387e800 Uncommon trap: reason=class_check action=maybe_recompile pc=0x0000000106dddb2c method=java.util.concurrent.ConcurrentHashMap.get(Ljava/lang/Object;)Ljava/lang/Object; @ 117
Event: 4.059 Thread 0x00007fb8e387e800 Uncommon trap: reason=class_check action=maybe_recompile pc=0x0000000106dddb2c method=java.util.concurrent.ConcurrentHashMap.get(Ljava/lang/Object;)Ljava/lang/Object; @ 117
Event: 4.059 Thread 0x00007fb8e387e800 Uncommon trap: reason=class_check action=maybe_recompile pc=0x0000000106dddb2c method=java.util.concurrent.ConcurrentHashMap.get(Ljava/lang/Object;)Ljava/lang/Object; @ 117
Event: 4.059 Thread 0x00007fb8e387e800 Uncommon trap: reason=class_check action=maybe_recompile pc=0x0000000106dddb2c method=java.util.concurrent.ConcurrentHashMap.get(Ljava/lang/Object;)Ljava/lang/Object; @ 117
Event: 14.688 Thread 0x00007fb8e3881000 Uncommon trap: reason=unreached action=reinterpret pc=0x0000000106ddba18 method=java.lang.Class.getName()Ljava/lang/String; @ 6
Event: 14.694 Thread 0x00007fb8e3881000 Uncommon trap: reason=unreached action=reinterpret pc=0x0000000106dc6578 method=java.lang.Class.getClassLoader()Ljava/lang/ClassLoader; @ 6

Internal exceptions (10 events):
Event: 15.056 Thread 0x00007fb8e283d000 Threw 0x00000007d6e6d0e8 at /HUDSON/workspace/7u-2-build-macosx-x86_64/jdk7u55/869/hotspot/src/share/vm/prims/jni.cpp:717
Event: 15.129 Thread 0x00007fb8e283d000 Threw 0x00000007d6e6f738 at /HUDSON/workspace/7u-2-build-macosx-x86_64/jdk7u55/869/hotspot/src/share/vm/prims/jni.cpp:717
Event: 15.132 Thread 0x00007fb8e283d000 Threw 0x00000007d729f6a8 at /HUDSON/workspace/7u-2-build-macosx-x86_64/jdk7u55/869/hotspot/src/share/vm/prims/jni.cpp:717
Event: 15.135 Thread 0x00007fb8e283d000 Threw 0x00000007d72a1cf8 at /HUDSON/workspace/7u-2-build-macosx-x86_64/jdk7u55/869/hotspot/src/share/vm/prims/jni.cpp:717
Event: 15.135 Thread 0x00007fb8e21af800 Threw 0x00000007d6f79118 at /HUDSON/workspace/7u-2-build-macosx-x86_64/jdk7u55/869/hotspot/src/share/vm/prims/jni.cpp:717
Event: 15.135 Thread 0x00007fb8e30dd800 Threw 0x00000007d6f5c7e0 at /HUDSON/workspace/7u-2-build-macosx-x86_64/jdk7u55/869/hotspot/src/share/vm/prims/jni.cpp:717
Event: 15.135 Thread 0x00007fb8e283d000 Threw 0x00000007d72a4348 at /HUDSON/workspace/7u-2-build-macosx-x86_64/jdk7u55/869/hotspot/src/share/vm/prims/jni.cpp:717
Event: 15.135 Thread 0x00007fb8e30dd800 Threw 0x00000007d6f5ee30 at /HUDSON/workspace/7u-2-build-macosx-x86_64/jdk7u55/869/hotspot/src/share/vm/prims/jni.cpp:717
Event: 15.146 Thread 0x00007fb8e30dd800 Threw 0x00000007d6f61480 at /HUDSON/workspace/7u-2-build-macosx-x86_64/jdk7u55/869/hotspot/src/share/vm/prims/jni.cpp:717
Event: 15.152 Thread 0x00007fb8e30dd800 Threw 0x00000007d6f63ad0 at /HUDSON/workspace/7u-2-build-macosx-x86_64/jdk7u55/869/hotspot/src/share/vm/prims/jni.cpp:717

Events (10 events):
Event: 15.172 Executing VM operation: RevokeBias
Event: 15.172 Executing VM operation: RevokeBias done
Event: 15.172 Executing VM operation: RevokeBias
Event: 15.172 Executing VM operation: RevokeBias done
Event: 15.173 Executing VM operation: RevokeBias
Event: 15.173 Executing VM operation: RevokeBias done
Event: 15.173 Executing VM operation: RevokeBias
Event: 15.173 Executing VM operation: RevokeBias done
Event: 15.173 Executing VM operation: RevokeBias
Event: 15.173 Executing VM operation: RevokeBias done


Dynamic libraries:
0x0000000004a9f000 	/System/Library/Frameworks/Cocoa.framework/Versions/A/Cocoa
0x0000000004a9f000 	/System/Library/Frameworks/Security.framework/Versions/A/Security
0x0000000004a9f000 	/System/Library/Frameworks/ApplicationServices.framework/Versions/A/ApplicationServices
0x0000000004a9f000 	/usr/lib/libz.1.dylib
0x0000000004a9f000 	/usr/lib/libSystem.B.dylib
0x0000000004a9f000 	/usr/lib/libobjc.A.dylib
0x0000000004a9f000 	/System/Library/Frameworks/CoreFoundation.framework/Versions/A/CoreFoundation
0x0000000004a9f000 	/System/Library/Frameworks/Foundation.framework/Versions/C/Foundation
0x0000000004a9f000 	/System/Library/Frameworks/AppKit.framework/Versions/C/AppKit
0x0000000004a9f000 	/System/Library/Frameworks/CoreData.framework/Versions/A/CoreData
0x0000000004a9f000 	/System/Library/PrivateFrameworks/RemoteViewServices.framework/Versions/A/RemoteViewServices
0x0000000004a9f000 	/System/Library/PrivateFrameworks/UIFoundation.framework/Versions/A/UIFoundation
0x0000000004a9f000 	/System/Library/Frameworks/IOSurface.framework/Versions/A/IOSurface
0x0000000004a9f000 	/System/Library/Frameworks/AudioToolbox.framework/Versions/A/AudioToolbox
0x0000000004a9f000 	/System/Library/Frameworks/AudioUnit.framework/Versions/A/AudioUnit
0x0000000004a9f000 	/System/Library/PrivateFrameworks/DataDetectorsCore.framework/Versions/A/DataDetectorsCore
0x0000000004a9f000 	/System/Library/PrivateFrameworks/DesktopServicesPriv.framework/Versions/A/DesktopServicesPriv
0x0000000004a9f000 	/System/Library/Frameworks/Carbon.framework/Versions/A/Frameworks/HIToolbox.framework/Versions/A/HIToolbox
0x0000000004a9f000 	/System/Library/Frameworks/QuartzCore.framework/Versions/A/QuartzCore
0x0000000004a9f000 	/System/Library/Frameworks/Carbon.framework/Versions/A/Frameworks/SpeechRecognition.framework/Versions/A/SpeechRecognition
0x0000000004a9f000 	/usr/lib/libauto.dylib
0x0000000004a9f000 	/usr/lib/libicucore.A.dylib
0x0000000004a9f000 	/usr/lib/libxml2.2.dylib
0x0000000004a9f000 	/System/Library/PrivateFrameworks/CoreUI.framework/Versions/A/CoreUI
0x0000000004a9f000 	/System/Library/Frameworks/CoreAudio.framework/Versions/A/CoreAudio
0x0000000004a9f000 	/System/Library/Frameworks/DiskArbitration.framework/Versions/A/DiskArbitration
0x0000000004a9f000 	/usr/lib/liblangid.dylib
0x0000000004a9f000 	/System/Library/PrivateFrameworks/MultitouchSupport.framework/Versions/A/MultitouchSupport
0x0000000004a9f000 	/System/Library/Frameworks/IOKit.framework/Versions/A/IOKit
0x0000000004a9f000 	/usr/lib/libDiagnosticMessagesClient.dylib
0x0000000004a9f000 	/System/Library/Frameworks/CoreServices.framework/Versions/A/CoreServices
0x0000000004a9f000 	/System/Library/PrivateFrameworks/PerformanceAnalysis.framework/Versions/A/PerformanceAnalysis
0x0000000004a9f000 	/System/Library/PrivateFrameworks/GenerationalStorage.framework/Versions/A/GenerationalStorage
0x0000000004a9f000 	/System/Library/Frameworks/OpenGL.framework/Versions/A/OpenGL
0x0000000004a9f000 	/System/Library/PrivateFrameworks/Sharing.framework/Versions/A/Sharing
0x0000000004a9f000 	/System/Library/Frameworks/CoreGraphics.framework/Versions/A/CoreGraphics
0x0000000004a9f000 	/System/Library/Frameworks/CoreText.framework/Versions/A/CoreText
0x0000000004a9f000 	/System/Library/Frameworks/ImageIO.framework/Versions/A/ImageIO
0x0000000004a9f000 	/usr/lib/libextension.dylib
0x0000000004a9f000 	/System/Library/PrivateFrameworks/Backup.framework/Versions/A/Backup
0x0000000004a9f000 	/usr/lib/libarchive.2.dylib
0x0000000004a9f000 	/System/Library/Frameworks/CFNetwork.framework/Versions/A/CFNetwork
0x0000000004a9f000 	/System/Library/Frameworks/SystemConfiguration.framework/Versions/A/SystemConfiguration
0x0000000004a9f000 	/usr/lib/libCRFSuite.dylib
0x0000000004a9f000 	/usr/lib/libc++.1.dylib
0x0000000004a9f000 	/usr/lib/libc++abi.dylib
0x0000000004a9f000 	/usr/lib/system/libcache.dylib
0x0000000004a9f000 	/usr/lib/system/libcommonCrypto.dylib
0x0000000004a9f000 	/usr/lib/system/libcompiler_rt.dylib
0x0000000004a9f000 	/usr/lib/system/libcopyfile.dylib
0x0000000004a9f000 	/usr/lib/system/libcorecrypto.dylib
0x0000000004a9f000 	/usr/lib/system/libdispatch.dylib
0x0000000004a9f000 	/usr/lib/system/libdyld.dylib
0x0000000004a9f000 	/usr/lib/system/libkeymgr.dylib
0x0000000004a9f000 	/usr/lib/system/liblaunch.dylib
0x0000000004a9f000 	/usr/lib/system/libmacho.dylib
0x0000000004a9f000 	/usr/lib/system/libquarantine.dylib
0x0000000004a9f000 	/usr/lib/system/libremovefile.dylib
0x0000000004a9f000 	/usr/lib/system/libsystem_asl.dylib
0x0000000004a9f000 	/usr/lib/system/libsystem_blocks.dylib
0x0000000004a9f000 	/usr/lib/system/libsystem_c.dylib
0x0000000004a9f000 	/usr/lib/system/libsystem_configuration.dylib
0x0000000004a9f000 	/usr/lib/system/libsystem_coreservices.dylib
0x0000000004a9f000 	/usr/lib/system/libsystem_coretls.dylib
0x0000000004a9f000 	/usr/lib/system/libsystem_dnssd.dylib
0x0000000004a9f000 	/usr/lib/system/libsystem_info.dylib
0x0000000004a9f000 	/usr/lib/system/libsystem_kernel.dylib
0x0000000004a9f000 	/usr/lib/system/libsystem_m.dylib
0x0000000004a9f000 	/usr/lib/system/libsystem_malloc.dylib
0x0000000004a9f000 	/usr/lib/system/libsystem_network.dylib
0x0000000004a9f000 	/usr/lib/system/libsystem_networkextension.dylib
0x0000000004a9f000 	/usr/lib/system/libsystem_notify.dylib
0x0000000004a9f000 	/usr/lib/system/libsystem_platform.dylib
0x0000000004a9f000 	/usr/lib/system/libsystem_pthread.dylib
0x0000000004a9f000 	/usr/lib/system/libsystem_sandbox.dylib
0x0000000004a9f000 	/usr/lib/system/libsystem_secinit.dylib
0x0000000004a9f000 	/usr/lib/system/libsystem_stats.dylib
0x0000000004a9f000 	/usr/lib/system/libsystem_trace.dylib
0x0000000004a9f000 	/usr/lib/system/libunc.dylib
0x0000000004a9f000 	/usr/lib/system/libunwind.dylib
0x0000000004a9f000 	/usr/lib/system/libxpc.dylib
0x0000000004a9f000 	/usr/lib/libbz2.1.0.dylib
0x0000000004a9f000 	/usr/lib/liblzma.5.dylib
0x0000000004a9f000 	/usr/lib/libbsm.0.dylib
0x0000000004a9f000 	/usr/lib/libsqlite3.dylib
0x0000000004a9f000 	/usr/lib/system/libkxld.dylib
0x0000000004a9f000 	/usr/lib/libxar.1.dylib
0x0000000004a9f000 	/usr/lib/libpam.2.dylib
0x0000000004a9f000 	/usr/lib/libOpenScriptingUtil.dylib
0x0000000004a9f000 	/System/Library/Frameworks/CoreServices.framework/Versions/A/Frameworks/FSEvents.framework/Versions/A/FSEvents
0x0000000004a9f000 	/System/Library/Frameworks/CoreServices.framework/Versions/A/Frameworks/CarbonCore.framework/Versions/A/CarbonCore
0x0000000004a9f000 	/System/Library/Frameworks/CoreServices.framework/Versions/A/Frameworks/Metadata.framework/Versions/A/Metadata
0x0000000004a9f000 	/System/Library/Frameworks/CoreServices.framework/Versions/A/Frameworks/OSServices.framework/Versions/A/OSServices
0x0000000004a9f000 	/System/Library/Frameworks/CoreServices.framework/Versions/A/Frameworks/SearchKit.framework/Versions/A/SearchKit
0x0000000004a9f000 	/System/Library/Frameworks/CoreServices.framework/Versions/A/Frameworks/AE.framework/Versions/A/AE
0x0000000004a9f000 	/System/Library/Frameworks/CoreServices.framework/Versions/A/Frameworks/LaunchServices.framework/Versions/A/LaunchServices
0x0000000004a9f000 	/System/Library/Frameworks/CoreServices.framework/Versions/A/Frameworks/DictionaryServices.framework/Versions/A/DictionaryServices
0x0000000004a9f000 	/System/Library/Frameworks/NetFS.framework/Versions/A/NetFS
0x0000000004a9f000 	/System/Library/PrivateFrameworks/NetAuth.framework/Versions/A/NetAuth
0x0000000004a9f000 	/System/Library/PrivateFrameworks/login.framework/Versions/A/Frameworks/loginsupport.framework/Versions/A/loginsupport
0x0000000004a9f000 	/System/Library/PrivateFrameworks/TCC.framework/Versions/A/TCC
0x0000000004a9f000 	/usr/lib/libmecabra.dylib
0x0000000004a9f000 	/System/Library/PrivateFrameworks/LanguageModeling.framework/Versions/A/LanguageModeling
0x0000000004a9f000 	/usr/lib/libcmph.dylib
0x0000000004a9f000 	/usr/lib/libiconv.2.dylib
0x0000000004a9f000 	/System/Library/Frameworks/OpenDirectory.framework/Versions/A/Frameworks/CFOpenDirectory.framework/Versions/A/CFOpenDirectory
0x0000000004a9f000 	/System/Library/Frameworks/ServiceManagement.framework/Versions/A/ServiceManagement
0x0000000004a9f000 	/usr/lib/libxslt.1.dylib
0x0000000004a9f000 	/System/Library/Frameworks/Carbon.framework/Versions/A/Frameworks/Ink.framework/Versions/A/Ink
0x0000000004a9f000 	/System/Library/Frameworks/ApplicationServices.framework/Versions/A/Frameworks/ATS.framework/Versions/A/ATS
0x0000000004a9f000 	/System/Library/Frameworks/ApplicationServices.framework/Versions/A/Frameworks/ColorSync.framework/Versions/A/ColorSync
0x0000000004a9f000 	/System/Library/Frameworks/ApplicationServices.framework/Versions/A/Frameworks/HIServices.framework/Versions/A/HIServices
0x0000000004a9f000 	/System/Library/Frameworks/ApplicationServices.framework/Versions/A/Frameworks/LangAnalysis.framework/Versions/A/LangAnalysis
0x0000000004a9f000 	/System/Library/Frameworks/ApplicationServices.framework/Versions/A/Frameworks/PrintCore.framework/Versions/A/PrintCore
0x0000000004a9f000 	/System/Library/Frameworks/ApplicationServices.framework/Versions/A/Frameworks/QD.framework/Versions/A/QD
0x0000000004a9f000 	/System/Library/Frameworks/ApplicationServices.framework/Versions/A/Frameworks/SpeechSynthesis.framework/Versions/A/SpeechSynthesis
0x0000000004a9f000 	/System/Library/Frameworks/Accelerate.framework/Versions/A/Accelerate
0x0000000004a9f000 	/System/Library/Frameworks/Accelerate.framework/Versions/A/Frameworks/vImage.framework/Versions/A/vImage
0x0000000004a9f000 	/System/Library/Frameworks/Accelerate.framework/Versions/A/Frameworks/vecLib.framework/Versions/A/vecLib
0x0000000004a9f000 	/System/Library/Frameworks/Accelerate.framework/Versions/A/Frameworks/vecLib.framework/Versions/A/libvDSP.dylib
0x0000000004a9f000 	/System/Library/Frameworks/Accelerate.framework/Versions/A/Frameworks/vecLib.framework/Versions/A/libvMisc.dylib
0x0000000004a9f000 	/System/Library/Frameworks/Accelerate.framework/Versions/A/Frameworks/vecLib.framework/Versions/A/libLAPACK.dylib
0x0000000004a9f000 	/System/Library/Frameworks/Accelerate.framework/Versions/A/Frameworks/vecLib.framework/Versions/A/libBLAS.dylib
0x0000000004a9f000 	/System/Library/Frameworks/Accelerate.framework/Versions/A/Frameworks/vecLib.framework/Versions/A/libLinearAlgebra.dylib
0x0000000004a9f000 	/System/Library/Frameworks/ApplicationServices.framework/Versions/A/Frameworks/ATS.framework/Versions/A/Resources/libFontParser.dylib
0x0000000004a9f000 	/System/Library/Frameworks/ApplicationServices.framework/Versions/A/Frameworks/ATS.framework/Versions/A/Resources/libFontRegistry.dylib
0x0000000004a9f000 	/System/Library/PrivateFrameworks/AppleVPA.framework/Versions/A/AppleVPA
0x0000000004a9f000 	/System/Library/PrivateFrameworks/AppleJPEG.framework/Versions/A/AppleJPEG
0x0000000004a9f000 	/System/Library/Frameworks/ImageIO.framework/Versions/A/Resources/libJPEG.dylib
0x0000000004a9f000 	/System/Library/Frameworks/ImageIO.framework/Versions/A/Resources/libTIFF.dylib
0x0000000004a9f000 	/System/Library/Frameworks/ImageIO.framework/Versions/A/Resources/libPng.dylib
0x0000000004a9f000 	/System/Library/Frameworks/ImageIO.framework/Versions/A/Resources/libGIF.dylib
0x0000000004a9f000 	/System/Library/Frameworks/ImageIO.framework/Versions/A/Resources/libJP2.dylib
0x0000000004a9f000 	/System/Library/Frameworks/ImageIO.framework/Versions/A/Resources/libRadiance.dylib
0x0000000004a9f000 	/System/Library/Frameworks/CoreVideo.framework/Versions/A/CoreVideo
0x0000000004a9f000 	/System/Library/Frameworks/OpenGL.framework/Versions/A/Libraries/libGLU.dylib
0x0000000004a9f000 	/System/Library/Frameworks/OpenGL.framework/Versions/A/Libraries/libGFXShared.dylib
0x0000000004a9f000 	/System/Library/Frameworks/OpenGL.framework/Versions/A/Libraries/libGL.dylib
0x0000000004a9f000 	/System/Library/Frameworks/OpenGL.framework/Versions/A/Libraries/libGLImage.dylib
0x0000000004a9f000 	/System/Library/Frameworks/OpenGL.framework/Versions/A/Libraries/libCVMSPluginSupport.dylib
0x0000000004a9f000 	/System/Library/Frameworks/OpenGL.framework/Versions/A/Libraries/libCoreVMClient.dylib
0x0000000004a9f000 	/usr/lib/libcups.2.dylib
0x0000000004a9f000 	/System/Library/Frameworks/Kerberos.framework/Versions/A/Kerberos
0x0000000004a9f000 	/System/Library/Frameworks/GSS.framework/Versions/A/GSS
0x0000000004a9f000 	/usr/lib/libresolv.9.dylib
0x0000000004a9f000 	/System/Library/PrivateFrameworks/Heimdal.framework/Versions/A/Heimdal
0x0000000004a9f000 	/usr/lib/libheimdal-asn1.dylib
0x0000000004a9f000 	/System/Library/Frameworks/OpenDirectory.framework/Versions/A/OpenDirectory
0x0000000004a9f000 	/System/Library/PrivateFrameworks/CommonAuth.framework/Versions/A/CommonAuth
0x0000000004a9f000 	/System/Library/Frameworks/SecurityFoundation.framework/Versions/A/SecurityFoundation
0x0000000004a9f000 	/System/Library/Frameworks/QuartzCore.framework/Versions/A/Frameworks/CoreImage.framework/Versions/A/CoreImage
0x0000000004a9f000 	/System/Library/PrivateFrameworks/CrashReporterSupport.framework/Versions/A/CrashReporterSupport
0x0000000004a9f000 	/System/Library/Frameworks/OpenCL.framework/Versions/A/OpenCL
0x0000000004a9f000 	/System/Library/PrivateFrameworks/FaceCore.framework/Versions/A/FaceCore
0x0000000004a9f000 	/System/Library/PrivateFrameworks/Ubiquity.framework/Versions/A/Ubiquity
0x0000000004a9f000 	/System/Library/PrivateFrameworks/IconServices.framework/Versions/A/IconServices
0x0000000004a9f000 	/System/Library/PrivateFrameworks/ChunkingLibrary.framework/Versions/A/ChunkingLibrary
0x0000000004a9f000 	/System/Library/PrivateFrameworks/Apple80211.framework/Versions/A/Apple80211
0x0000000004a9f000 	/System/Library/Frameworks/CoreWLAN.framework/Versions/A/CoreWLAN
0x0000000004a9f000 	/System/Library/Frameworks/IOBluetooth.framework/Versions/A/IOBluetooth
0x0000000004a9f000 	/System/Library/PrivateFrameworks/CoreWiFi.framework/Versions/A/CoreWiFi
0x0000000004a9f000 	/System/Library/Frameworks/CoreBluetooth.framework/Versions/A/CoreBluetooth
0x0000000004a9f000 	/System/Library/PrivateFrameworks/DebugSymbols.framework/Versions/A/DebugSymbols
0x0000000004a9f000 	/System/Library/PrivateFrameworks/CoreSymbolication.framework/Versions/A/CoreSymbolication
0x0000000004a9f000 	/System/Library/PrivateFrameworks/Symbolication.framework/Versions/A/Symbolication
0x0000000004a9f000 	/System/Library/PrivateFrameworks/SpeechRecognitionCore.framework/Versions/A/SpeechRecognitionCore
0x0000000106200000 	/Library/Java/JavaVirtualMachines/jdk1.7.0_55.jdk/Contents/Home/jre/lib/server/libjvm.dylib
0x0000000004a9f000 	/usr/lib/libstdc++.6.dylib
0x0000000105993000 	/Library/Java/JavaVirtualMachines/jdk1.7.0_55.jdk/Contents/Home/jre/lib/libverify.dylib
0x00000001059a0000 	/Library/Java/JavaVirtualMachines/jdk1.7.0_55.jdk/Contents/Home/jre/lib/libjava.dylib
0x00000001059da000 	/Library/Java/JavaVirtualMachines/jdk1.7.0_55.jdk/Contents/Home/jre/lib/libzip.dylib
0x00000001059e4000 	/System/Library/Frameworks/JavaVM.framework/Frameworks/JavaRuntimeSupport.framework/JavaRuntimeSupport
0x00000001105c3000 	/System/Library/Frameworks/JavaVM.framework/Versions/A/Frameworks/JavaNativeFoundation.framework/Versions/A/JavaNativeFoundation
0x00000001105d8000 	/System/Library/Frameworks/JavaVM.framework/Versions/A/JavaVM
0x0000000004a9f000 	/System/Library/Frameworks/Carbon.framework/Versions/A/Carbon
0x00000001105e5000 	/System/Library/PrivateFrameworks/JavaLaunching.framework/Versions/A/JavaLaunching
0x0000000004a9f000 	/System/Library/Frameworks/Carbon.framework/Versions/A/Frameworks/CommonPanels.framework/Versions/A/CommonPanels
0x0000000004a9f000 	/System/Library/Frameworks/Carbon.framework/Versions/A/Frameworks/Help.framework/Versions/A/Help
0x0000000004a9f000 	/System/Library/Frameworks/Carbon.framework/Versions/A/Frameworks/ImageCapture.framework/Versions/A/ImageCapture
0x0000000004a9f000 	/System/Library/Frameworks/Carbon.framework/Versions/A/Frameworks/OpenScripting.framework/Versions/A/OpenScripting
0x0000000004a9f000 	/System/Library/Frameworks/Carbon.framework/Versions/A/Frameworks/Print.framework/Versions/A/Print
0x0000000004a9f000 	/System/Library/Frameworks/Carbon.framework/Versions/A/Frameworks/SecurityHI.framework/Versions/A/SecurityHI
0x000000011233e000 	/Library/Java/JavaVirtualMachines/jdk1.7.0_55.jdk/Contents/Home/jre/lib/libnet.dylib

VM Arguments:
java_command: p2/RMI_Server 1211
Launcher Type: SUN_STANDARD

Environment Variables:
PATH=/usr/local/bin:/Library/Frameworks/Python.framework/Versions/3.4/bin:/Applications/Postgres.app/Contents/Versions/9.3/bin:/usr/local/bin:/usr/bin:/bin:/usr/sbin:/sbin:/opt/X11/bin:/usr/texbin
SHELL=/bin/bash
DISPLAY=/private/tmp/com.apple.launchd.fBmgwsENZW/org.macosforge.xquartz:0

Signal Handlers:
SIGSEGV: [libjvm.dylib+0x5253e5], sa_mask[0]=0xfffefeff, sa_flags=0x00000043
SIGBUS: [libjvm.dylib+0x5253e5], sa_mask[0]=0xfffefeff, sa_flags=0x00000042
SIGFPE: [libjvm.dylib+0x4188a2], sa_mask[0]=0xfffefeff, sa_flags=0x00000042
SIGPIPE: [libjvm.dylib+0x4188a2], sa_mask[0]=0xfffefeff, sa_flags=0x00000042
SIGXFSZ: [libjvm.dylib+0x4188a2], sa_mask[0]=0xfffefeff, sa_flags=0x00000042
SIGILL: [libjvm.dylib+0x4188a2], sa_mask[0]=0xfffefeff, sa_flags=0x00000042
SIGUSR1: SIG_DFL, sa_mask[0]=0x63807efb, sa_flags=0x00000000
SIGUSR2: [libjvm.dylib+0x418394], sa_mask[0]=0x00000000, sa_flags=0x00000042
SIGHUP: [libjvm.dylib+0x416623], sa_mask[0]=0xfffefeff, sa_flags=0x00000042
SIGINT: [libjvm.dylib+0x416623], sa_mask[0]=0xfffefeff, sa_flags=0x00000042
SIGTERM: [libjvm.dylib+0x416623], sa_mask[0]=0xfffefeff, sa_flags=0x00000042
SIGQUIT: [libjvm.dylib+0x416623], sa_mask[0]=0xfffefeff, sa_flags=0x00000042


---------------  S Y S T E M  ---------------

OS:Bsduname:Darwin 14.0.0 Darwin Kernel Version 14.0.0: Fri Sep 19 00:26:44 PDT 2014; root:xnu-2782.1.97~2/RELEASE_X86_64 x86_64
rlimit: STACK 8192k, CORE 0k, NPROC 709, NOFILE 10240, AS infinity
load average:9.92 3.94 2.66

CPU:total 4 (2 cores per cpu, 2 threads per core) family 6 model 69 stepping 1, cmov, cx8, fxsr, mmx, sse, sse2, sse3, ssse3, sse4.1, sse4.2, popcnt, avx, avx2, aes, erms, ht, tsc, tscinvbit

Memory: 4k page, physical 8388608k(2097152k free)

/proc/meminfo:


vm_info: Java HotSpot(TM) 64-Bit Server VM (24.55-b03) for bsd-amd64 JRE (1.7.0_55-b13), built on Mar 17 2014 19:40:08 by "java_re" with gcc 4.2.1 (Based on Apple Inc. build 5658) (LLVM build 2336.11.00)

time: Sat Feb 21 20:23:26 2015
elapsed time: 15 seconds

